node:events:496
      throw er; // Unhandled 'error' event
      ^

Error: listen EADDRNOTAVAIL: address not available 187.245.201.238:5000
    at Server.setupListenHandle [as _listen2] (node:net:1915:21)
    at listenInCluster (node:net:1994:12)
    at GetAddrInfoReqWrap.callback (node:net:2203:7)
    at GetAddrInfoReqWrap.onlookupall [as oncomplete] (node:dns:132:8)
Emitted 'error' event on Server instance at:
    at emitErrorNT (node:net:1973:8)
    at process.processTicksAndRejections (node:internal/process/task_queues:90:21) {
  code: 'EADDRNOTAVAIL',
  errno: -4090,
  syscall: 'listen',
  address: '187.245.201.238',
  port: 5000
}

Node.js v22.14.0
node:events:496
      throw er; // Unhandled 'error' event
      ^

Error: listen EADDRNOTAVAIL: address not available 187.245.201.238:5000
    at Server.setupListenHandle [as _listen2] (node:net:1915:21)
    at listenInCluster (node:net:1994:12)
    at GetAddrInfoReqWrap.callback (node:net:2203:7)
    at GetAddrInfoReqWrap.onlookupall [as oncomplete] (node:dns:132:8)
Emitted 'error' event on Server instance at:
    at emitErrorNT (node:net:1973:8)
    at process.processTicksAndRejections (node:internal/process/task_queues:90:21) {
  code: 'EADDRNOTAVAIL',
  errno: -4090,
  syscall: 'listen',
  address: '187.245.201.238',
  port: 5000
}

Node.js v22.14.0
node:events:496
      throw er; // Unhandled 'error' event
      ^

Error: listen EADDRNOTAVAIL: address not available 187.245.201.238:5000
    at Server.setupListenHandle [as _listen2] (node:net:1915:21)
    at listenInCluster (node:net:1994:12)
    at GetAddrInfoReqWrap.callback (node:net:2203:7)
    at GetAddrInfoReqWrap.onlookupall [as oncomplete] (node:dns:132:8)
Emitted 'error' event on Server instance at:
    at emitErrorNT (node:net:1973:8)
    at process.processTicksAndRejections (node:internal/process/task_queues:90:21) {
  code: 'EADDRNOTAVAIL',
  errno: -4090,
  syscall: 'listen',
  address: '187.245.201.238',
  port: 5000
}

Node.js v22.14.0
node:events:496
      throw er; // Unhandled 'error' event
      ^

Error: listen EADDRNOTAVAIL: address not available 187.245.201.238:5000
    at Server.setupListenHandle [as _listen2] (node:net:1915:21)
    at listenInCluster (node:net:1994:12)
    at GetAddrInfoReqWrap.callback (node:net:2203:7)
    at GetAddrInfoReqWrap.onlookupall [as oncomplete] (node:dns:132:8)
Emitted 'error' event on Server instance at:
    at emitErrorNT (node:net:1973:8)
    at process.processTicksAndRejections (node:internal/process/task_queues:90:21) {
  code: 'EADDRNOTAVAIL',
  errno: -4090,
  syscall: 'listen',
  address: '187.245.201.238',
  port: 5000
}

Node.js v22.14.0
node:events:496
      throw er; // Unhandled 'error' event
      ^

Error: listen EADDRNOTAVAIL: address not available 187.245.201.238:5000
    at Server.setupListenHandle [as _listen2] (node:net:1915:21)
    at listenInCluster (node:net:1994:12)
    at GetAddrInfoReqWrap.callback (node:net:2203:7)
    at GetAddrInfoReqWrap.onlookupall [as oncomplete] (node:dns:132:8)
Emitted 'error' event on Server instance at:
    at emitErrorNT (node:net:1973:8)
    at process.processTicksAndRejections (node:internal/process/task_queues:90:21) {
  code: 'EADDRNOTAVAIL',
  errno: -4090,
  syscall: 'listen',
  address: '187.245.201.238',
  port: 5000
}

Node.js v22.14.0
node:events:496
      throw er; // Unhandled 'error' event
      ^

Error: listen EADDRNOTAVAIL: address not available 187.245.201.238:5000
    at Server.setupListenHandle [as _listen2] (node:net:1915:21)
    at listenInCluster (node:net:1994:12)
    at GetAddrInfoReqWrap.callback (node:net:2203:7)
    at GetAddrInfoReqWrap.onlookupall [as oncomplete] (node:dns:132:8)
Emitted 'error' event on Server instance at:
    at emitErrorNT (node:net:1973:8)
    at process.processTicksAndRejections (node:internal/process/task_queues:90:21) {
  code: 'EADDRNOTAVAIL',
  errno: -4090,
  syscall: 'listen',
  address: '187.245.201.238',
  port: 5000
}

Node.js v22.14.0
node:events:496
      throw er; // Unhandled 'error' event
      ^

Error: listen EADDRNOTAVAIL: address not available 187.245.201.238:5000
    at Server.setupListenHandle [as _listen2] (node:net:1915:21)
    at listenInCluster (node:net:1994:12)
    at GetAddrInfoReqWrap.callback (node:net:2203:7)
    at GetAddrInfoReqWrap.onlookupall [as oncomplete] (node:dns:132:8)
Emitted 'error' event on Server instance at:
    at emitErrorNT (node:net:1973:8)
    at process.processTicksAndRejections (node:internal/process/task_queues:90:21) {
  code: 'EADDRNOTAVAIL',
  errno: -4090,
  syscall: 'listen',
  address: '187.245.201.238',
  port: 5000
}

Node.js v22.14.0
node:events:496
      throw er; // Unhandled 'error' event
      ^

Error: listen EADDRNOTAVAIL: address not available 187.245.201.238:5000
    at Server.setupListenHandle [as _listen2] (node:net:1915:21)
    at listenInCluster (node:net:1994:12)
    at GetAddrInfoReqWrap.callback (node:net:2203:7)
    at GetAddrInfoReqWrap.onlookupall [as oncomplete] (node:dns:132:8)
Emitted 'error' event on Server instance at:
    at emitErrorNT (node:net:1973:8)
    at process.processTicksAndRejections (node:internal/process/task_queues:90:21) {
  code: 'EADDRNOTAVAIL',
  errno: -4090,
  syscall: 'listen',
  address: '187.245.201.238',
  port: 5000
}

Node.js v22.14.0
node:events:496
      throw er; // Unhandled 'error' event
      ^

Error: listen EADDRNOTAVAIL: address not available 187.245.201.238:5000
    at Server.setupListenHandle [as _listen2] (node:net:1915:21)
    at listenInCluster (node:net:1994:12)
    at GetAddrInfoReqWrap.callback (node:net:2203:7)
    at GetAddrInfoReqWrap.onlookupall [as oncomplete] (node:dns:132:8)
Emitted 'error' event on Server instance at:
    at emitErrorNT (node:net:1973:8)
    at process.processTicksAndRejections (node:internal/process/task_queues:90:21) {
  code: 'EADDRNOTAVAIL',
  errno: -4090,
  syscall: 'listen',
  address: '187.245.201.238',
  port: 5000
}

Node.js v22.14.0
node:events:496
      throw er; // Unhandled 'error' event
      ^

Error: listen EADDRNOTAVAIL: address not available 187.245.201.238:5000
    at Server.setupListenHandle [as _listen2] (node:net:1915:21)
    at listenInCluster (node:net:1994:12)
    at GetAddrInfoReqWrap.callback (node:net:2203:7)
    at GetAddrInfoReqWrap.onlookupall [as oncomplete] (node:dns:132:8)
Emitted 'error' event on Server instance at:
    at emitErrorNT (node:net:1973:8)
    at process.processTicksAndRejections (node:internal/process/task_queues:90:21) {
  code: 'EADDRNOTAVAIL',
  errno: -4090,
  syscall: 'listen',
  address: '187.245.201.238',
  port: 5000
}

Node.js v22.14.0
node:events:496
      throw er; // Unhandled 'error' event
      ^

Error: listen EADDRNOTAVAIL: address not available 187.245.201.238:5000
    at Server.setupListenHandle [as _listen2] (node:net:1915:21)
    at listenInCluster (node:net:1994:12)
    at GetAddrInfoReqWrap.callback (node:net:2203:7)
    at GetAddrInfoReqWrap.onlookupall [as oncomplete] (node:dns:132:8)
Emitted 'error' event on Server instance at:
    at emitErrorNT (node:net:1973:8)
    at process.processTicksAndRejections (node:internal/process/task_queues:90:21) {
  code: 'EADDRNOTAVAIL',
  errno: -4090,
  syscall: 'listen',
  address: '187.245.201.238',
  port: 5000
}

Node.js v22.14.0
node:events:496
      throw er; // Unhandled 'error' event
      ^

Error: listen EADDRNOTAVAIL: address not available 187.245.201.238:5000
    at Server.setupListenHandle [as _listen2] (node:net:1915:21)
    at listenInCluster (node:net:1994:12)
    at GetAddrInfoReqWrap.callback (node:net:2203:7)
    at GetAddrInfoReqWrap.onlookupall [as oncomplete] (node:dns:132:8)
Emitted 'error' event on Server instance at:
    at emitErrorNT (node:net:1973:8)
    at process.processTicksAndRejections (node:internal/process/task_queues:90:21) {
  code: 'EADDRNOTAVAIL',
  errno: -4090,
  syscall: 'listen',
  address: '187.245.201.238',
  port: 5000
}

Node.js v22.14.0
node:events:496
      throw er; // Unhandled 'error' event
      ^

Error: listen EADDRNOTAVAIL: address not available 187.245.201.238:5000
    at Server.setupListenHandle [as _listen2] (node:net:1915:21)
    at listenInCluster (node:net:1994:12)
    at GetAddrInfoReqWrap.callback (node:net:2203:7)
    at GetAddrInfoReqWrap.onlookupall [as oncomplete] (node:dns:132:8)
Emitted 'error' event on Server instance at:
    at emitErrorNT (node:net:1973:8)
    at process.processTicksAndRejections (node:internal/process/task_queues:90:21) {
  code: 'EADDRNOTAVAIL',
  errno: -4090,
  syscall: 'listen',
  address: '187.245.201.238',
  port: 5000
}

Node.js v22.14.0
node:events:496
      throw er; // Unhandled 'error' event
      ^

Error: listen EADDRNOTAVAIL: address not available 187.245.201.238:5000
    at Server.setupListenHandle [as _listen2] (node:net:1915:21)
    at listenInCluster (node:net:1994:12)
    at GetAddrInfoReqWrap.callback (node:net:2203:7)
    at GetAddrInfoReqWrap.onlookupall [as oncomplete] (node:dns:132:8)
Emitted 'error' event on Server instance at:
    at emitErrorNT (node:net:1973:8)
    at process.processTicksAndRejections (node:internal/process/task_queues:90:21) {
  code: 'EADDRNOTAVAIL',
  errno: -4090,
  syscall: 'listen',
  address: '187.245.201.238',
  port: 5000
}

Node.js v22.14.0
node:events:496
      throw er; // Unhandled 'error' event
      ^

Error: listen EADDRNOTAVAIL: address not available 187.245.201.238:5000
    at Server.setupListenHandle [as _listen2] (node:net:1915:21)
    at listenInCluster (node:net:1994:12)
    at GetAddrInfoReqWrap.callback (node:net:2203:7)
    at GetAddrInfoReqWrap.onlookupall [as oncomplete] (node:dns:132:8)
Emitted 'error' event on Server instance at:
    at emitErrorNT (node:net:1973:8)
    at process.processTicksAndRejections (node:internal/process/task_queues:90:21) {
  code: 'EADDRNOTAVAIL',
  errno: -4090,
  syscall: 'listen',
  address: '187.245.201.238',
  port: 5000
}

Node.js v22.14.0
node:events:496
      throw er; // Unhandled 'error' event
      ^

Error: listen EADDRNOTAVAIL: address not available 187.245.201.238:5000
    at Server.setupListenHandle [as _listen2] (node:net:1915:21)
    at listenInCluster (node:net:1994:12)
    at GetAddrInfoReqWrap.callback (node:net:2203:7)
    at GetAddrInfoReqWrap.onlookupall [as oncomplete] (node:dns:132:8)
Emitted 'error' event on Server instance at:
    at emitErrorNT (node:net:1973:8)
    at process.processTicksAndRejections (node:internal/process/task_queues:90:21) {
  code: 'EADDRNOTAVAIL',
  errno: -4090,
  syscall: 'listen',
  address: '187.245.201.238',
  port: 5000
}

Node.js v22.14.0
node:events:496
      throw er; // Unhandled 'error' event
      ^

Error: listen EADDRNOTAVAIL: address not available 187.245.201.238:5000
    at Server.setupListenHandle [as _listen2] (node:net:1915:21)
    at listenInCluster (node:net:1994:12)
    at GetAddrInfoReqWrap.callback (node:net:2203:7)
    at GetAddrInfoReqWrap.onlookupall [as oncomplete] (node:dns:132:8)
Emitted 'error' event on Server instance at:
    at emitErrorNT (node:net:1973:8)
    at process.processTicksAndRejections (node:internal/process/task_queues:90:21) {
  code: 'EADDRNOTAVAIL',
  errno: -4090,
  syscall: 'listen',
  address: '187.245.201.238',
  port: 5000
}

Node.js v22.14.0
node:events:496
      throw er; // Unhandled 'error' event
      ^

Error: listen EADDRNOTAVAIL: address not available 187.245.201.238:5000
    at Server.setupListenHandle [as _listen2] (node:net:1915:21)
    at listenInCluster (node:net:1994:12)
    at GetAddrInfoReqWrap.callback (node:net:2203:7)
    at GetAddrInfoReqWrap.onlookupall [as oncomplete] (node:dns:132:8)
Emitted 'error' event on Server instance at:
    at emitErrorNT (node:net:1973:8)
    at process.processTicksAndRejections (node:internal/process/task_queues:90:21) {
  code: 'EADDRNOTAVAIL',
  errno: -4090,
  syscall: 'listen',
  address: '187.245.201.238',
  port: 5000
}

Node.js v22.14.0
node:events:496
      throw er; // Unhandled 'error' event
      ^

Error: listen EADDRNOTAVAIL: address not available 187.245.201.238:5000
    at Server.setupListenHandle [as _listen2] (node:net:1915:21)
    at listenInCluster (node:net:1994:12)
    at GetAddrInfoReqWrap.callback (node:net:2203:7)
    at GetAddrInfoReqWrap.onlookupall [as oncomplete] (node:dns:132:8)
Emitted 'error' event on Server instance at:
    at emitErrorNT (node:net:1973:8)
    at process.processTicksAndRejections (node:internal/process/task_queues:90:21) {
  code: 'EADDRNOTAVAIL',
  errno: -4090,
  syscall: 'listen',
  address: '187.245.201.238',
  port: 5000
}

Node.js v22.14.0
node:events:496
      throw er; // Unhandled 'error' event
      ^

Error: listen EADDRNOTAVAIL: address not available 187.245.201.238:5000
    at Server.setupListenHandle [as _listen2] (node:net:1915:21)
    at listenInCluster (node:net:1994:12)
    at GetAddrInfoReqWrap.callback (node:net:2203:7)
    at GetAddrInfoReqWrap.onlookupall [as oncomplete] (node:dns:132:8)
Emitted 'error' event on Server instance at:
    at emitErrorNT (node:net:1973:8)
    at process.processTicksAndRejections (node:internal/process/task_queues:90:21) {
  code: 'EADDRNOTAVAIL',
  errno: -4090,
  syscall: 'listen',
  address: '187.245.201.238',
  port: 5000
}

Node.js v22.14.0
node:events:496
      throw er; // Unhandled 'error' event
      ^

Error: listen EADDRNOTAVAIL: address not available 187.245.201.238:5000
    at Server.setupListenHandle [as _listen2] (node:net:1915:21)
    at listenInCluster (node:net:1994:12)
    at GetAddrInfoReqWrap.callback (node:net:2203:7)
    at GetAddrInfoReqWrap.onlookupall [as oncomplete] (node:dns:132:8)
Emitted 'error' event on Server instance at:
    at emitErrorNT (node:net:1973:8)
    at process.processTicksAndRejections (node:internal/process/task_queues:90:21) {
  code: 'EADDRNOTAVAIL',
  errno: -4090,
  syscall: 'listen',
  address: '187.245.201.238',
  port: 5000
}

Node.js v22.14.0
❌ Error en login: TypeError: Cannot read properties of undefined (reading 'toUpperCase')
    at exports.login (c:\Aplicaciones\e-clientes\backend\controllers\authController.js:42:22)
    at Layer.handle [as handle_request] (c:\Aplicaciones\e-clientes\backend\node_modules\express\lib\router\layer.js:95:5)
    at next (c:\Aplicaciones\e-clientes\backend\node_modules\express\lib\router\route.js:149:13)
    at Route.dispatch (c:\Aplicaciones\e-clientes\backend\node_modules\express\lib\router\route.js:119:3)
    at Layer.handle [as handle_request] (c:\Aplicaciones\e-clientes\backend\node_modules\express\lib\router\layer.js:95:5)
    at c:\Aplicaciones\e-clientes\backend\node_modules\express\lib\router\index.js:284:15
    at Function.process_params (c:\Aplicaciones\e-clientes\backend\node_modules\express\lib\router\index.js:346:12)
    at next (c:\Aplicaciones\e-clientes\backend\node_modules\express\lib\router\index.js:280:10)
    at Function.handle (c:\Aplicaciones\e-clientes\backend\node_modules\express\lib\router\index.js:175:3)
    at router (c:\Aplicaciones\e-clientes\backend\node_modules\express\lib\router\index.js:47:12)
Error al crear log de autenticación: PrismaClientValidationError: 
Invalid `prisma.bP_07_LOG_AUTENTICACION.create()` invocation:

{
  data: {
    nId01Usuario: null,
    sTipoAccion: "LOGIN_FAILED",
    dFechaHora: new Date("2025-06-11T00:18:07.012Z"),
    sIpUsuario: "10.11.20.14",
    sUserAgent: "Mozilla/5.0 (Windows NT 10.0; Win64; x64) AppleWebKit/537.36 (KHTML, like Gecko) Chrome/137.0.0.0 Safari/537.36",
    sDispositivo: "Desktop",
    sUbicacion: null,
    bExitoso: false,
    sDetalleError: "Error interno: Cannot read properties of undefined (reading 'toUpperCase')",
    sTokenSesion: null,
+   usuario: {
+     create: BP_01_USUARIOCreateWithoutLogsAutenticacionInput | BP_01_USUARIOUncheckedCreateWithoutLogsAutenticacionInput,
+     connectOrCreate: BP_01_USUARIOCreateOrConnectWithoutLogsAutenticacionInput,
+     connect: BP_01_USUARIOWhereUniqueInput
+   }
  }
}

Argument `usuario` is missing.
    at wn (c:\Aplicaciones\e-clientes\backend\node_modules\@prisma\client\runtime\library.js:29:1363)
    at $n.handleRequestError (c:\Aplicaciones\e-clientes\backend\node_modules\@prisma\client\runtime\library.js:121:6958)
    at $n.handleAndLogRequestError (c:\Aplicaciones\e-clientes\backend\node_modules\@prisma\client\runtime\library.js:121:6623)
    at $n.request (c:\Aplicaciones\e-clientes\backend\node_modules\@prisma\client\runtime\library.js:121:6307)
    at async l (c:\Aplicaciones\e-clientes\backend\node_modules\@prisma\client\runtime\library.js:130:9633)
    at async exports.createAuthLog (c:\Aplicaciones\e-clientes\backend\services\authService.js:152:12)
    at async exports.login (c:\Aplicaciones\e-clientes\backend\controllers\authController.js:413:13) {
  clientVersion: '5.22.0'
}
Error al crear sesión activa: PrismaClientKnownRequestError: 
Invalid `prisma.bP_08_SESION_ACTIVA.create()` invocation:


The provided value for the column is too long for the column's type. Column: sTokenSesion
    at $n.handleRequestError (c:\Aplicaciones\e-clientes\backend\node_modules\@prisma\client\runtime\library.js:121:7315)
    at $n.handleAndLogRequestError (c:\Aplicaciones\e-clientes\backend\node_modules\@prisma\client\runtime\library.js:121:6623)
    at $n.request (c:\Aplicaciones\e-clientes\backend\node_modules\@prisma\client\runtime\library.js:121:6307)
    at async l (c:\Aplicaciones\e-clientes\backend\node_modules\@prisma\client\runtime\library.js:130:9633)
    at async exports.createActiveSession (c:\Aplicaciones\e-clientes\backend\services\authService.js:169:12)
    at async exports.login (c:\Aplicaciones\e-clientes\backend\controllers\authController.js:381:13) {
  code: 'P2000',
  clientVersion: '5.22.0',
  meta: { modelName: 'BP_08_SESION_ACTIVA', column_name: 'sTokenSesion' }
}
Error al crear sesión activa: PrismaClientKnownRequestError: 
Invalid `prisma.bP_08_SESION_ACTIVA.create()` invocation:


The provided value for the column is too long for the column's type. Column: sTokenSesion
    at $n.handleRequestError (c:\Aplicaciones\e-clientes\backend\node_modules\@prisma\client\runtime\library.js:121:7315)
    at $n.handleAndLogRequestError (c:\Aplicaciones\e-clientes\backend\node_modules\@prisma\client\runtime\library.js:121:6623)
    at $n.request (c:\Aplicaciones\e-clientes\backend\node_modules\@prisma\client\runtime\library.js:121:6307)
    at async l (c:\Aplicaciones\e-clientes\backend\node_modules\@prisma\client\runtime\library.js:130:9633)
    at async exports.createActiveSession (c:\Aplicaciones\e-clientes\backend\services\authService.js:169:12)
    at async exports.login (c:\Aplicaciones\e-clientes\backend\controllers\authController.js:381:13) {
  code: 'P2000',
  clientVersion: '5.22.0',
  meta: { modelName: 'BP_08_SESION_ACTIVA', column_name: 'sTokenSesion' }
}
Error al crear sesión activa: PrismaClientKnownRequestError: 
Invalid `prisma.bP_08_SESION_ACTIVA.create()` invocation:


The provided value for the column is too long for the column's type. Column: sTokenSesion
    at $n.handleRequestError (c:\Aplicaciones\e-clientes\backend\node_modules\@prisma\client\runtime\library.js:121:7315)
    at $n.handleAndLogRequestError (c:\Aplicaciones\e-clientes\backend\node_modules\@prisma\client\runtime\library.js:121:6623)
    at $n.request (c:\Aplicaciones\e-clientes\backend\node_modules\@prisma\client\runtime\library.js:121:6307)
    at async l (c:\Aplicaciones\e-clientes\backend\node_modules\@prisma\client\runtime\library.js:130:9633)
    at async exports.createActiveSession (c:\Aplicaciones\e-clientes\backend\services\authService.js:169:12)
    at async exports.login (c:\Aplicaciones\e-clientes\backend\controllers\authController.js:381:13) {
  code: 'P2000',
  clientVersion: '5.22.0',
  meta: { modelName: 'BP_08_SESION_ACTIVA', column_name: 'sTokenSesion' }
}
Error al crear sesión activa: PrismaClientKnownRequestError: 
Invalid `prisma.bP_08_SESION_ACTIVA.create()` invocation:


The provided value for the column is too long for the column's type. Column: sTokenSesion
    at $n.handleRequestError (c:\Aplicaciones\e-clientes\backend\node_modules\@prisma\client\runtime\library.js:121:7315)
    at $n.handleAndLogRequestError (c:\Aplicaciones\e-clientes\backend\node_modules\@prisma\client\runtime\library.js:121:6623)
    at $n.request (c:\Aplicaciones\e-clientes\backend\node_modules\@prisma\client\runtime\library.js:121:6307)
    at async l (c:\Aplicaciones\e-clientes\backend\node_modules\@prisma\client\runtime\library.js:130:9633)
    at async exports.createActiveSession (c:\Aplicaciones\e-clientes\backend\services\authService.js:169:12)
    at async exports.login (c:\Aplicaciones\e-clientes\backend\controllers\authController.js:381:13) {
  code: 'P2000',
  clientVersion: '5.22.0',
  meta: { modelName: 'BP_08_SESION_ACTIVA', column_name: 'sTokenSesion' }
}
Error al crear sesión activa: PrismaClientKnownRequestError: 
Invalid `prisma.bP_08_SESION_ACTIVA.create()` invocation:


The provided value for the column is too long for the column's type. Column: sTokenSesion
    at $n.handleRequestError (c:\Aplicaciones\e-clientes\backend\node_modules\@prisma\client\runtime\library.js:121:7315)
    at $n.handleAndLogRequestError (c:\Aplicaciones\e-clientes\backend\node_modules\@prisma\client\runtime\library.js:121:6623)
    at $n.request (c:\Aplicaciones\e-clientes\backend\node_modules\@prisma\client\runtime\library.js:121:6307)
    at async l (c:\Aplicaciones\e-clientes\backend\node_modules\@prisma\client\runtime\library.js:130:9633)
    at async exports.createActiveSession (c:\Aplicaciones\e-clientes\backend\services\authService.js:169:12)
    at async exports.login (c:\Aplicaciones\e-clientes\backend\controllers\authController.js:381:13) {
  code: 'P2000',
  clientVersion: '5.22.0',
  meta: { modelName: 'BP_08_SESION_ACTIVA', column_name: 'sTokenSesion' }
}
